<?xml version="1.0" encoding="UTF-8"?>
<!-- Generated by org.testng.reporters.JUnitReportReporter -->
<testsuite hostname="Renuprasanth" failures="0" tests="4" name="HTTPRequests" time="3.279" errors="0" timestamp="2024-09-11T23:10:31 IST" skipped="0">
  <testcase classname="HTTPRequests" name="getUsers" time="2.007"/>
  <testcase classname="HTTPRequests" name="createUser" time="0.459"/>
  <testcase classname="HTTPRequests" name="fullUpdate" time="0.411"/>
  <testcase classname="HTTPRequests" name="deleteUser" time="0.402"/>
</testsuite> <!-- HTTPRequests -->
